<?xml version="1.0" encoding="UTF-8"?>
<testng-results ignored="0" total="1" passed="1" failed="0" skipped="0">
  <reporter-output>
  </reporter-output>
  <suite started-at="2023-03-28T16:53:53 IST" name="Default suite" finished-at="2023-03-28T16:54:03 IST" duration-ms="10214">
    <groups>
    </groups>
    <test started-at="2023-03-28T16:53:53 IST" name="Default test" finished-at="2023-03-28T16:54:03 IST" duration-ms="10214">
      <class name="lastName.TestCasesClass">
        <test-method signature="ltNamecorrectTest()[pri:0, instance:lastName.TestCasesClass@5136d012]" started-at="2023-03-28T16:53:53 IST" name="ltNamecorrectTest" finished-at="2023-03-28T16:54:03 IST" duration-ms="10182" status="PASS">
          <reporter-output>
          </reporter-output>
        </test-method> <!-- ltNamecorrectTest -->
      </class> <!-- lastName.TestCasesClass -->
    </test> <!-- Default test -->
  </suite> <!-- Default suite -->
</testng-results>
